[debug] [2018-01-21T11:00:27.812Z] ----------------------------------------------------------------------
[debug] [2018-01-21T11:00:27.816Z] Command:       /home/pritesh/.nvm/versions/node/v6.11.5/bin/node /home/pritesh/.nvm/versions/node/v6.11.5/bin/firebase serve --only functions,hosting
[debug] [2018-01-21T11:00:27.817Z] CLI Version:   3.17.3
[debug] [2018-01-21T11:00:27.817Z] Platform:      linux
[debug] [2018-01-21T11:00:27.817Z] Node Version:  v6.11.5
[debug] [2018-01-21T11:00:27.817Z] Time:          Sun Jan 21 2018 16:30:27 GMT+0530 (IST)
[debug] [2018-01-21T11:00:27.817Z] ----------------------------------------------------------------------
[debug] 
[debug] [2018-01-21T11:00:27.836Z] > command requires scopes: ["email","openid","https://www.googleapis.com/auth/cloudplatformprojects.readonly","https://www.googleapis.com/auth/firebase","https://www.googleapis.com/auth/cloud-platform"]
[debug] [2018-01-21T11:00:27.837Z] > authorizing via signed-in user
[debug] [2018-01-21T11:00:27.840Z] >>> HTTP REQUEST GET https://admin.firebase.com/v1/projects/ashapura-travels-8bfb5  
  
 Sun Jan 21 2018 16:30:27 GMT+0530 (IST)
[debug] [2018-01-21T11:00:29.476Z] <<< HTTP RESPONSE 200
[debug] [2018-01-21T11:00:29.477Z] >>> HTTP REQUEST GET https://admin.firebase.com/v1/database/ashapura-travels-8bfb5/tokens  
  
 Sun Jan 21 2018 16:30:29 GMT+0530 (IST)
[debug] [2018-01-21T11:00:30.591Z] <<< HTTP RESPONSE 200
[info] 
[info] === Serving from '/home/pritesh/Documents/React js/ashapura-travels'...
[info] 
[info] i  functions: Preparing to emulate functions.
[debug] [2018-01-21T11:00:33.654Z] Fetching environment
[debug] [2018-01-21T11:00:33.673Z] >>> HTTP REQUEST GET https://appengine.googleapis.com/v1/apps/ashapura-travels-8bfb5  
  
 Sun Jan 21 2018 16:30:33 GMT+0530 (IST)
[debug] [2018-01-21T11:00:33.674Z] >>> HTTP REQUEST GET https://apikeys.googleapis.com/v1/projects/ashapura-travels-8bfb5/apiKeys  
  
 Sun Jan 21 2018 16:30:33 GMT+0530 (IST)
[debug] [2018-01-21T11:00:33.675Z] >>> HTTP REQUEST GET https://cloudresourcemanager.googleapis.com/v1/projects/ashapura-travels-8bfb5  
  
 Sun Jan 21 2018 16:30:33 GMT+0530 (IST)
[debug] [2018-01-21T11:00:35.402Z] <<< HTTP RESPONSE 200
[debug] [2018-01-21T11:00:35.403Z] >>> HTTP REQUEST GET https://mobilesdk-pa.googleapis.com/v1/projects/24479807923/clients/_:getWebAppConfig  
  
 Sun Jan 21 2018 16:30:35 GMT+0530 (IST)
[debug] [2018-01-21T11:00:35.408Z] <<< HTTP RESPONSE 200
[debug] [2018-01-21T11:00:35.503Z] <<< HTTP RESPONSE 200
[debug] [2018-01-21T11:00:35.505Z] Starting @google-cloud/functions-emulator
[debug] [2018-01-21T11:00:36.322Z] <<< HTTP RESPONSE 200
[info] i  hosting: Serving hosting files from: build
[info] ✔  hosting: Local server: http://localhost:5000

[debug] [2018-01-21T11:00:38.659Z] Parsing function triggers
[info] [hosting] Rewriting /gethash to local function app
[info] [hosting] Rewriting /gethash to local function app
[info] ✔  functions: app: http://localhost:5001/ashapura-travels-8bfb5/us-central1/app
[info] [hosting] Rewriting /gethash to local function app
[info] [hosting] Rewriting /gethash to local function app
[info] [hosting] Rewriting /gethash to local function app
[info] [hosting] Rewriting /gethash to local function app
[info] [hosting] Rewriting /gethash to local function app
[info] [hosting] Rewriting /gethash to local function app
[info] [hosting] Rewriting /gethash to local function app
[info] [hosting] Rewriting /gethash to local function app
[info] [hosting] Rewriting /gethash to local function app
[info] [hosting] Rewriting /gethash to local function app
[info] [hosting] Rewriting /gethash to local function app
[info] [hosting] Rewriting /gethash to local function app
[info] [hosting] Rewriting /gethash to local function app
[info] [hosting] Rewriting /gethash to local function app
[info] [hosting] Rewriting /gethash to local function app
[info] [hosting] Rewriting /gethash to local function app
[info] [hosting] Rewriting /gethash to local function app
[info] [hosting] Rewriting /gethash to local function app
[info] [hosting] Rewriting /gethash to local function app
[info] [hosting] Rewriting /gethash to local function app
[info] [hosting] Rewriting /gethash to local function app
[info] [hosting] Rewriting /gethash to local function app
